<?xml version="1.0" encoding="UTF-8"?>
<!-- Generated by org.testng.reporters.JUnitReportReporter -->
<testsuite hostname="DESKTOP-6G93JPF" failures="0" tests="1" name="TestClass.Kite_TestClass_BU" time="22.497" errors="0" timestamp="2021-12-14T13:52:17 IST" skipped="0">
  <testcase classname="TestClass.Kite_TestClass_BU" name="Validation" time="22.497"/>
  <system-out>
    <![CDATA[Both ID are Same,Tc1is passed
Capturing the Screen]]>
  </system-out>
</testsuite> <!-- TestClass.Kite_TestClass_BU -->
